1504577789864	geckodriver	INFO	geckodriver 0.18.0
1504577789880	geckodriver	INFO	Listening on 127.0.0.1:49203
1504577793178	geckodriver::marionette	INFO	Starting browser C:\Program Files\Mozilla Firefox\firefox.exe with args ["-marionette"]
1504577794135	addons.xpi	WARN	Error parsing extensions state: [Exception... "Component returned failure code: 0x80520012 (NS_ERROR_FILE_NOT_FOUND) [amIAddonManagerStartup.readStartupData]"  nsresult: "0x80520012 (NS_ERROR_FILE_NOT_FOUND)"  location: "JS frame :: resource://gre/modules/addons/XPIProvider.jsm :: loadExtensionState :: line 1596"  data: no] Stack trace: loadExtensionState()@resource://gre/modules/addons/XPIProvider.jsm:1596 < getInstallState()@resource://gre/modules/addons/XPIProvider.jsm:1631 < checkForChanges()@resource://gre/modules/addons/XPIProvider.jsm:3152 < startup()@resource://gre/modules/addons/XPIProvider.jsm:2246 < callProvider()@resource://gre/modules/AddonManager.jsm:271 < _startProvider()@resource://gre/modules/AddonManager.jsm:741 < startup()@resource://gre/modules/AddonManager.jsm:908 < startup()@resource://gre/modules/AddonManager.jsm:3122 < observe()@jar:file:///C:/Program%20Files/Mozilla%20Firefox/omni.ja!/components/addonManager.js:65
1504577794540	Marionette	INFO	Enabled via --marionette
1504577797806	Marionette	INFO	Listening on port 49211
1504577797822	Marionette	INFO	Listening on port 49211
1504577798536	Marionette	WARN	TLS certificate errors will be ignored for this session
1504577798579	Marionette	DEBUG	loaded listener.js
1504577798621	Marionette	DEBUG	Received DOM event "beforeunload" for "about:blank"
1504577799597	Marionette	DEBUG	Received DOM event "pagehide" for "about:blank"
1504577799598	Marionette	DEBUG	Received DOM event "unload" for "about:blank"
1504577799622	Marionette	DEBUG	Received DOM event "DOMContentLoaded" for "http://junying.marsair.tw/"
1504577800983	Marionette	DEBUG	Received DOM event "pageshow" for "http://junying.marsair.tw/"
1504577801345	Marionette	DEBUG	Received DOM event "beforeunload" for "http://junying.marsair.tw/"
1504577802218	Marionette	DEBUG	Received DOM event "pagehide" for "http://junying.marsair.tw/"
1504577802222	Marionette	DEBUG	Received DOM event "unload" for "http://junying.marsair.tw/"
1504577802265	Marionette	DEBUG	Received DOM event "DOMContentLoaded" for "http://junying.marsair.tw/"
1504577802373	Marionette	DEBUG	Received DOM event "pageshow" for "http://junying.marsair.tw/"
1504577803576	Marionette	DEBUG	Received DOM event "beforeunload" for "http://junying.marsair.tw/"
1504577803895	Marionette	DEBUG	Received DOM event "pagehide" for "http://junying.marsair.tw/"
1504577803895	Marionette	DEBUG	Received DOM event "unload" for "http://junying.marsair.tw/"
1504577803902	Marionette	DEBUG	Received DOM event "DOMContentLoaded" for "http://junying.marsair.tw/"
1504577803924	Marionette	DEBUG	Received DOM event "pageshow" for "http://junying.marsair.tw/"
1504577804565	Marionette	DEBUG	Received DOM event "beforeunload" for "http://junying.marsair.tw/"
1504577805028	Marionette	DEBUG	Received DOM event "pagehide" for "http://junying.marsair.tw/"
1504577805030	Marionette	DEBUG	Received DOM event "unload" for "http://junying.marsair.tw/"
1504577805066	Marionette	DEBUG	Received DOM event "DOMContentLoaded" for "http://junying.marsair.tw/"
1504577805125	Marionette	DEBUG	Received DOM event "pageshow" for "http://junying.marsair.tw/"
1504577806231	Marionette	DEBUG	Received DOM event "beforeunload" for "http://junying.marsair.tw/"
1504577806696	Marionette	DEBUG	Received DOM event "pagehide" for "http://junying.marsair.tw/"
1504577806696	Marionette	DEBUG	Received DOM event "unload" for "http://junying.marsair.tw/"
1504577806708	Marionette	DEBUG	Received DOM event "DOMContentLoaded" for "http://junying.marsair.tw/"
1504577806725	Marionette	DEBUG	Received DOM event "pageshow" for "http://junying.marsair.tw/"
1504577807067	Marionette	DEBUG	Received DOM event "beforeunload" for "http://junying.marsair.tw/"
1504577807465	Marionette	DEBUG	Received DOM event "pagehide" for "http://junying.marsair.tw/"
1504577807468	Marionette	DEBUG	Received DOM event "unload" for "http://junying.marsair.tw/"
1504577807499	Marionette	DEBUG	Received DOM event "DOMContentLoaded" for "http://junying.marsair.tw/"
1504577807566	Marionette	DEBUG	Received DOM event "pageshow" for "http://junying.marsair.tw/"
1504577811623	Marionette	DEBUG	Received DOM event "beforeunload" for "http://junying.marsair.tw/"
1504577812465	Marionette	DEBUG	Received DOM event "pagehide" for "http://junying.marsair.tw/"
1504577812466	Marionette	DEBUG	Received DOM event "unload" for "http://junying.marsair.tw/"
1504577812490	Marionette	DEBUG	Received DOM event "DOMContentLoaded" for "http://junying.marsair.tw/"
1504577812543	Marionette	DEBUG	Received DOM event "pageshow" for "http://junying.marsair.tw/"
1504577812989	Marionette	DEBUG	Canceled page load listener because no navigation has been detected
1504577813098	Marionette	DEBUG	Received DOM event "beforeunload" for "http://junying.marsair.tw/"
1504577813465	Marionette	DEBUG	Received DOM event "pagehide" for "http://junying.marsair.tw/"
1504577813467	Marionette	DEBUG	Received DOM event "unload" for "http://junying.marsair.tw/"
1504577813496	Marionette	DEBUG	Received DOM event "DOMContentLoaded" for "http://junying.marsair.tw/"
1504577813537	Marionette	DEBUG	Received DOM event "pageshow" for "http://junying.marsair.tw/"
1504577814623	Marionette	DEBUG	Received DOM event "beforeunload" for "http://junying.marsair.tw/"
1504577815654	Marionette	DEBUG	Received DOM event "pagehide" for "http://junying.marsair.tw/"
1504577815654	Marionette	DEBUG	Received DOM event "unload" for "http://junying.marsair.tw/"
1504577815679	Marionette	DEBUG	Received DOM event "DOMContentLoaded" for "http://junying.marsair.tw/"
1504577815748	Marionette	DEBUG	Received DOM event "pageshow" for "http://junying.marsair.tw/"
1504577816037	Marionette	DEBUG	Received DOM event "beforeunload" for "http://junying.marsair.tw/"
1504577816401	Marionette	DEBUG	Received DOM event "pagehide" for "http://junying.marsair.tw/"
1504577816402	Marionette	DEBUG	Received DOM event "unload" for "http://junying.marsair.tw/"
1504577816420	Marionette	DEBUG	Received DOM event "DOMContentLoaded" for "http://junying.marsair.tw/"
1504577816456	Marionette	DEBUG	Received DOM event "pageshow" for "http://junying.marsair.tw/"
1504577817553	Marionette	DEBUG	Received DOM event "beforeunload" for "http://junying.marsair.tw/"
1504577818531	Marionette	DEBUG	Received DOM event "pagehide" for "http://junying.marsair.tw/"
1504577818532	Marionette	DEBUG	Received DOM event "unload" for "http://junying.marsair.tw/"
1504577818559	Marionette	DEBUG	Received DOM event "DOMContentLoaded" for "http://junying.marsair.tw/"
1504577818650	Marionette	DEBUG	Received DOM event "pageshow" for "http://junying.marsair.tw/"
1504577819002	Marionette	DEBUG	Received DOM event "beforeunload" for "http://junying.marsair.tw/"
1504577819402	Marionette	DEBUG	Received DOM event "pagehide" for "http://junying.marsair.tw/"
1504577819403	Marionette	DEBUG	Received DOM event "unload" for "http://junying.marsair.tw/"
1504577819416	Marionette	DEBUG	Received DOM event "DOMContentLoaded" for "http://junying.marsair.tw/"
1504577819471	Marionette	DEBUG	Received DOM event "pageshow" for "http://junying.marsair.tw/"
1504577821282	Marionette	DEBUG	Received DOM event "beforeunload" for "http://junying.marsair.tw/"
1504577821886	Marionette	DEBUG	Received DOM event "pagehide" for "http://junying.marsair.tw/"
1504577821886	Marionette	DEBUG	Received DOM event "unload" for "http://junying.marsair.tw/"
1504577821902	Marionette	DEBUG	Received DOM event "DOMContentLoaded" for "http://junying.marsair.tw/"
1504577821934	Marionette	DEBUG	Received DOM event "pageshow" for "http://junying.marsair.tw/"
1504577822371	Marionette	DEBUG	Canceled page load listener because no navigation has been detected
1504577822452	Marionette	DEBUG	Received DOM event "beforeunload" for "http://junying.marsair.tw/"
1504577822832	Marionette	DEBUG	Received DOM event "pagehide" for "http://junying.marsair.tw/"
1504577822833	Marionette	DEBUG	Received DOM event "unload" for "http://junying.marsair.tw/"
1504577822873	Marionette	DEBUG	Received DOM event "DOMContentLoaded" for "http://junying.marsair.tw/"
1504577822937	Marionette	DEBUG	Received DOM event "pageshow" for "http://junying.marsair.tw/"
1504577825090	Marionette	DEBUG	Received DOM event "beforeunload" for "http://junying.marsair.tw/"
1504577826083	Marionette	DEBUG	Received DOM event "pagehide" for "http://junying.marsair.tw/"
1504577826083	Marionette	DEBUG	Received DOM event "unload" for "http://junying.marsair.tw/"
1504577826091	Marionette	DEBUG	Received DOM event "DOMContentLoaded" for "http://junying.marsair.tw/"
1504577826109	Marionette	DEBUG	Received DOM event "pageshow" for "http://junying.marsair.tw/"
1504577826450	Marionette	DEBUG	Received DOM event "beforeunload" for "http://junying.marsair.tw/"
1504577826838	Marionette	DEBUG	Received DOM event "pagehide" for "http://junying.marsair.tw/"
1504577826839	Marionette	DEBUG	Received DOM event "unload" for "http://junying.marsair.tw/"
1504577826856	Marionette	DEBUG	Received DOM event "DOMContentLoaded" for "http://junying.marsair.tw/"
1504577826873	Marionette	DEBUG	Received DOM event "pageshow" for "http://junying.marsair.tw/"
1504577827989	Marionette	DEBUG	Received DOM event "beforeunload" for "http://junying.marsair.tw/"
1504577828983	Marionette	DEBUG	Received DOM event "pagehide" for "http://junying.marsair.tw/"
1504577828985	Marionette	DEBUG	Received DOM event "unload" for "http://junying.marsair.tw/"
1504577829020	Marionette	DEBUG	Received DOM event "DOMContentLoaded" for "http://junying.marsair.tw/"
1504577829052	Marionette	DEBUG	Received DOM event "pageshow" for "http://junying.marsair.tw/"
1504577829431	Marionette	DEBUG	Received DOM event "beforeunload" for "http://junying.marsair.tw/"
1504577829787	Marionette	DEBUG	Received DOM event "pagehide" for "http://junying.marsair.tw/"
1504577829787	Marionette	DEBUG	Received DOM event "unload" for "http://junying.marsair.tw/"
1504577829800	Marionette	DEBUG	Received DOM event "DOMContentLoaded" for "http://junying.marsair.tw/"
1504577829839	Marionette	DEBUG	Received DOM event "pageshow" for "http://junying.marsair.tw/"
1504577831205	Marionette	DEBUG	Received DOM event "beforeunload" for "http://junying.marsair.tw/"
1504577831791	Marionette	DEBUG	Received DOM event "pagehide" for "http://junying.marsair.tw/"
1504577831791	Marionette	DEBUG	Received DOM event "unload" for "http://junying.marsair.tw/"
1504577831802	Marionette	DEBUG	Received DOM event "DOMContentLoaded" for "http://junying.marsair.tw/"
1504577831815	Marionette	DEBUG	Received DOM event "pageshow" for "http://junying.marsair.tw/"
1504577832242	Marionette	DEBUG	Canceled page load listener because no navigation has been detected
1504577832403	Marionette	DEBUG	Received DOM event "beforeunload" for "http://junying.marsair.tw/"
1504577832739	Marionette	DEBUG	Received DOM event "pagehide" for "http://junying.marsair.tw/"
1504577832740	Marionette	DEBUG	Received DOM event "unload" for "http://junying.marsair.tw/"
1504577832775	Marionette	DEBUG	Received DOM event "DOMContentLoaded" for "http://junying.marsair.tw/"
1504577832856	Marionette	DEBUG	Received DOM event "pageshow" for "http://junying.marsair.tw/"
1504577833947	Marionette	DEBUG	Received DOM event "beforeunload" for "http://junying.marsair.tw/"
1504577834298	Marionette	DEBUG	Received DOM event "pagehide" for "http://junying.marsair.tw/"
1504577834299	Marionette	DEBUG	Received DOM event "unload" for "http://junying.marsair.tw/"
1504577834325	Marionette	DEBUG	Received DOM event "DOMContentLoaded" for "http://junying.marsair.tw/"
1504577834371	Marionette	DEBUG	Received DOM event "pageshow" for "http://junying.marsair.tw/"
1504577834683	Marionette	DEBUG	Received DOM event "beforeunload" for "http://junying.marsair.tw/"
1504577835050	Marionette	DEBUG	Received DOM event "pagehide" for "http://junying.marsair.tw/"
1504577835051	Marionette	DEBUG	Received DOM event "unload" for "http://junying.marsair.tw/"
1504577835082	Marionette	DEBUG	Received DOM event "DOMContentLoaded" for "http://junying.marsair.tw/"
1504577835161	Marionette	DEBUG	Received DOM event "pageshow" for "http://junying.marsair.tw/"
1504577836303	Marionette	DEBUG	Received DOM event "beforeunload" for "http://junying.marsair.tw/"
1504577836918	Marionette	DEBUG	Received DOM event "pagehide" for "http://junying.marsair.tw/"
1504577836919	Marionette	DEBUG	Received DOM event "unload" for "http://junying.marsair.tw/"
1504577836926	Marionette	DEBUG	Received DOM event "DOMContentLoaded" for "http://junying.marsair.tw/"
1504577836939	Marionette	DEBUG	Received DOM event "pageshow" for "http://junying.marsair.tw/"
1504577837300	Marionette	DEBUG	Received DOM event "beforeunload" for "http://junying.marsair.tw/"
1504577837672	Marionette	DEBUG	Received DOM event "pagehide" for "http://junying.marsair.tw/"
1504577837672	Marionette	DEBUG	Received DOM event "unload" for "http://junying.marsair.tw/"
1504577837700	Marionette	DEBUG	Received DOM event "DOMContentLoaded" for "http://junying.marsair.tw/"
1504577837740	Marionette	DEBUG	Received DOM event "pageshow" for "http://junying.marsair.tw/"
1504577838846	Marionette	DEBUG	Received DOM event "beforeunload" for "http://junying.marsair.tw/"
1504577839172	Marionette	DEBUG	Received DOM event "pagehide" for "http://junying.marsair.tw/"
1504577839172	Marionette	DEBUG	Received DOM event "unload" for "http://junying.marsair.tw/"
1504577839192	Marionette	DEBUG	Received DOM event "DOMContentLoaded" for "http://junying.marsair.tw/"
1504577839223	Marionette	DEBUG	Received DOM event "pageshow" for "http://junying.marsair.tw/"
1504577839665	Marionette	DEBUG	Canceled page load listener because no navigation has been detected
1504577839791	Marionette	DEBUG	Received DOM event "beforeunload" for "http://junying.marsair.tw/"
1504577840238	Marionette	DEBUG	Received DOM event "pagehide" for "http://junying.marsair.tw/"
1504577840238	Marionette	DEBUG	Received DOM event "unload" for "http://junying.marsair.tw/"
1504577840265	Marionette	DEBUG	Received DOM event "DOMContentLoaded" for "http://junying.marsair.tw/"
1504577840326	Marionette	DEBUG	Received DOM event "pageshow" for "http://junying.marsair.tw/"
1504577841444	Marionette	DEBUG	Received DOM event "beforeunload" for "http://junying.marsair.tw/"
1504577842300	Marionette	DEBUG	Received DOM event "pagehide" for "http://junying.marsair.tw/"
1504577842300	Marionette	DEBUG	Received DOM event "unload" for "http://junying.marsair.tw/"
1504577842325	Marionette	DEBUG	Received DOM event "DOMContentLoaded" for "http://junying.marsair.tw/"
1504577842370	Marionette	DEBUG	Received DOM event "pageshow" for "http://junying.marsair.tw/"
1504577842717	Marionette	DEBUG	Received DOM event "beforeunload" for "http://junying.marsair.tw/"
1504577843053	Marionette	DEBUG	Received DOM event "pagehide" for "http://junying.marsair.tw/"
1504577843054	Marionette	DEBUG	Received DOM event "unload" for "http://junying.marsair.tw/"
1504577843098	Marionette	DEBUG	Received DOM event "DOMContentLoaded" for "http://junying.marsair.tw/"
1504577843136	Marionette	DEBUG	Received DOM event "pageshow" for "http://junying.marsair.tw/"
1504577844478	Marionette	DEBUG	Received DOM event "beforeunload" for "http://junying.marsair.tw/"
1504577844869	Marionette	DEBUG	Received DOM event "pagehide" for "http://junying.marsair.tw/"
1504577844870	Marionette	DEBUG	Received DOM event "unload" for "http://junying.marsair.tw/"
1504577844897	Marionette	DEBUG	Received DOM event "DOMContentLoaded" for "http://junying.marsair.tw/"
1504577844920	Marionette	DEBUG	Received DOM event "pageshow" for "http://junying.marsair.tw/"
1504577845291	Marionette	DEBUG	Received DOM event "beforeunload" for "http://junying.marsair.tw/"
1504577845675	Marionette	DEBUG	Received DOM event "pagehide" for "http://junying.marsair.tw/"
1504577845676	Marionette	DEBUG	Received DOM event "unload" for "http://junying.marsair.tw/"
1504577845704	Marionette	DEBUG	Received DOM event "DOMContentLoaded" for "http://junying.marsair.tw/"
1504577845757	Marionette	DEBUG	Received DOM event "pageshow" for "http://junying.marsair.tw/"
1504577846955	Marionette	DEBUG	Received DOM event "beforeunload" for "http://junying.marsair.tw/"
1504577847616	Marionette	DEBUG	Received DOM event "pagehide" for "http://junying.marsair.tw/"
1504577847617	Marionette	DEBUG	Received DOM event "unload" for "http://junying.marsair.tw/"
1504577847662	Marionette	DEBUG	Received DOM event "DOMContentLoaded" for "http://junying.marsair.tw/"
1504577847711	Marionette	DEBUG	Received DOM event "pageshow" for "http://junying.marsair.tw/"
1504577848201	Marionette	DEBUG	Canceled page load listener because no navigation has been detected
1504577848328	Marionette	DEBUG	Received DOM event "beforeunload" for "http://junying.marsair.tw/"
1504577848741	Marionette	DEBUG	Received DOM event "pagehide" for "http://junying.marsair.tw/"
1504577848742	Marionette	DEBUG	Received DOM event "unload" for "http://junying.marsair.tw/"
1504577848770	Marionette	DEBUG	Received DOM event "DOMContentLoaded" for "http://junying.marsair.tw/"
1504577848790	Marionette	DEBUG	Received DOM event "pageshow" for "http://junying.marsair.tw/"
1504577849919	Marionette	DEBUG	Received DOM event "beforeunload" for "http://junying.marsair.tw/"
1504577850240	Marionette	DEBUG	Received DOM event "pagehide" for "http://junying.marsair.tw/"
1504577850241	Marionette	DEBUG	Received DOM event "unload" for "http://junying.marsair.tw/"
1504577850262	Marionette	DEBUG	Received DOM event "DOMContentLoaded" for "http://junying.marsair.tw/"
1504577850284	Marionette	DEBUG	Received DOM event "pageshow" for "http://junying.marsair.tw/"
1504577850631	Marionette	DEBUG	Received DOM event "beforeunload" for "http://junying.marsair.tw/"
1504577851099	Marionette	DEBUG	Received DOM event "pagehide" for "http://junying.marsair.tw/"
1504577851100	Marionette	DEBUG	Received DOM event "unload" for "http://junying.marsair.tw/"
1504577851119	Marionette	DEBUG	Received DOM event "DOMContentLoaded" for "http://junying.marsair.tw/"
1504577851148	Marionette	DEBUG	Received DOM event "pageshow" for "http://junying.marsair.tw/"
1504577852259	Marionette	DEBUG	Received DOM event "beforeunload" for "http://junying.marsair.tw/"
1504577852930	Marionette	DEBUG	Received DOM event "pagehide" for "http://junying.marsair.tw/"
1504577852931	Marionette	DEBUG	Received DOM event "unload" for "http://junying.marsair.tw/"
1504577852958	Marionette	DEBUG	Received DOM event "DOMContentLoaded" for "http://junying.marsair.tw/"
1504577852981	Marionette	DEBUG	Received DOM event "pageshow" for "http://junying.marsair.tw/"
1504577853359	Marionette	DEBUG	Received DOM event "beforeunload" for "http://junying.marsair.tw/"
1504577853739	Marionette	DEBUG	Received DOM event "pagehide" for "http://junying.marsair.tw/"
1504577853740	Marionette	DEBUG	Received DOM event "unload" for "http://junying.marsair.tw/"
1504577853749	Marionette	DEBUG	Received DOM event "DOMContentLoaded" for "http://junying.marsair.tw/"
1504577853763	Marionette	DEBUG	Received DOM event "pageshow" for "http://junying.marsair.tw/"
1504577854889	Marionette	DEBUG	Received DOM event "beforeunload" for "http://junying.marsair.tw/"
1504577855243	Marionette	DEBUG	Received DOM event "pagehide" for "http://junying.marsair.tw/"
1504577855243	Marionette	DEBUG	Received DOM event "unload" for "http://junying.marsair.tw/"
1504577855261	Marionette	DEBUG	Received DOM event "DOMContentLoaded" for "http://junying.marsair.tw/"
1504577855283	Marionette	DEBUG	Received DOM event "pageshow" for "http://junying.marsair.tw/"
1504577855734	Marionette	DEBUG	Canceled page load listener because no navigation has been detected
1504577855834	Marionette	DEBUG	Received DOM event "beforeunload" for "http://junying.marsair.tw/"
1504577856184	Marionette	DEBUG	Received DOM event "pagehide" for "http://junying.marsair.tw/"
1504577856185	Marionette	DEBUG	Received DOM event "unload" for "http://junying.marsair.tw/"
1504577856225	Marionette	DEBUG	Received DOM event "DOMContentLoaded" for "http://junying.marsair.tw/"
1504577856244	Marionette	DEBUG	Received DOM event "pageshow" for "http://junying.marsair.tw/"
1504577857357	Marionette	DEBUG	Received DOM event "beforeunload" for "http://junying.marsair.tw/"
1504577857741	Marionette	DEBUG	Received DOM event "pagehide" for "http://junying.marsair.tw/"
1504577857742	Marionette	DEBUG	Received DOM event "unload" for "http://junying.marsair.tw/"
1504577857758	Marionette	DEBUG	Received DOM event "DOMContentLoaded" for "http://junying.marsair.tw/"
1504577857781	Marionette	DEBUG	Received DOM event "pageshow" for "http://junying.marsair.tw/"
1504577858138	Marionette	DEBUG	Received DOM event "beforeunload" for "http://junying.marsair.tw/"
1504577858489	Marionette	DEBUG	Received DOM event "pagehide" for "http://junying.marsair.tw/"
1504577858489	Marionette	DEBUG	Received DOM event "unload" for "http://junying.marsair.tw/"
1504577858499	Marionette	DEBUG	Received DOM event "DOMContentLoaded" for "http://junying.marsair.tw/"
1504577858647	Marionette	DEBUG	Received DOM event "pageshow" for "http://junying.marsair.tw/"
1504577860189	Marionette	DEBUG	Received DOM event "beforeunload" for "http://junying.marsair.tw/"
1504577860828	Marionette	DEBUG	Received DOM event "pagehide" for "http://junying.marsair.tw/"
1504577860828	Marionette	DEBUG	Received DOM event "unload" for "http://junying.marsair.tw/"
1504577860857	Marionette	DEBUG	Received DOM event "DOMContentLoaded" for "http://junying.marsair.tw/"
1504577860919	Marionette	DEBUG	Received DOM event "pageshow" for "http://junying.marsair.tw/"
1504577861357	Marionette	DEBUG	Received DOM event "beforeunload" for "http://junying.marsair.tw/"
1504577861698	Marionette	DEBUG	Received DOM event "pagehide" for "http://junying.marsair.tw/"
1504577861699	Marionette	DEBUG	Received DOM event "unload" for "http://junying.marsair.tw/"
1504577861715	Marionette	DEBUG	Received DOM event "DOMContentLoaded" for "http://junying.marsair.tw/"
1504577861735	Marionette	DEBUG	Received DOM event "pageshow" for "http://junying.marsair.tw/"
1504577865789	Marionette	DEBUG	Received DOM event "beforeunload" for "http://junying.marsair.tw/"
1504577866205	Marionette	DEBUG	Received DOM event "pagehide" for "http://junying.marsair.tw/"
1504577866206	Marionette	DEBUG	Received DOM event "unload" for "http://junying.marsair.tw/"
1504577866229	Marionette	DEBUG	Received DOM event "DOMContentLoaded" for "http://junying.marsair.tw/"
1504577866253	Marionette	DEBUG	Received DOM event "pageshow" for "http://junying.marsair.tw/"
1504577866651	Marionette	DEBUG	Canceled page load listener because no navigation has been detected
1504577866932	Marionette	DEBUG	Canceled page load listener because no navigation has been detected
1504577867033	Marionette	DEBUG	Received DOM event "beforeunload" for "http://junying.marsair.tw/"
1504577867455	Marionette	DEBUG	Received DOM event "pagehide" for "http://junying.marsair.tw/"
1504577867456	Marionette	DEBUG	Received DOM event "unload" for "http://junying.marsair.tw/"
1504577867483	Marionette	DEBUG	Received DOM event "DOMContentLoaded" for "http://junying.marsair.tw/"
1504577867537	Marionette	DEBUG	Received DOM event "pageshow" for "http://junying.marsair.tw/"
1504577868679	Marionette	DEBUG	Received DOM event "beforeunload" for "http://junying.marsair.tw/"
1504577869331	Marionette	DEBUG	Received DOM event "pagehide" for "http://junying.marsair.tw/"
1504577869332	Marionette	DEBUG	Received DOM event "unload" for "http://junying.marsair.tw/"
1504577869360	Marionette	DEBUG	Received DOM event "DOMContentLoaded" for "http://junying.marsair.tw/"
1504577869394	Marionette	DEBUG	Received DOM event "pageshow" for "http://junying.marsair.tw/"
1504577869685	Marionette	DEBUG	Received DOM event "beforeunload" for "http://junying.marsair.tw/"
1504577870015	Marionette	DEBUG	Received DOM event "pagehide" for "http://junying.marsair.tw/"
1504577870016	Marionette	DEBUG	Received DOM event "unload" for "http://junying.marsair.tw/"
1504577870030	Marionette	DEBUG	Received DOM event "DOMContentLoaded" for "http://junying.marsair.tw/"
1504577870051	Marionette	DEBUG	Received DOM event "pageshow" for "http://junying.marsair.tw/"
1504577871177	Marionette	DEBUG	Received DOM event "beforeunload" for "http://junying.marsair.tw/"
1504577871578	Marionette	DEBUG	Received DOM event "pagehide" for "http://junying.marsair.tw/"
1504577871578	Marionette	DEBUG	Received DOM event "unload" for "http://junying.marsair.tw/"
1504577871587	Marionette	DEBUG	Received DOM event "DOMContentLoaded" for "http://junying.marsair.tw/"
1504577871603	Marionette	DEBUG	Received DOM event "pageshow" for "http://junying.marsair.tw/"
1504577871873	Marionette	DEBUG	Received DOM event "beforeunload" for "http://junying.marsair.tw/"
1504577872271	Marionette	DEBUG	Received DOM event "pagehide" for "http://junying.marsair.tw/"
1504577872272	Marionette	DEBUG	Received DOM event "unload" for "http://junying.marsair.tw/"
1504577872304	Marionette	DEBUG	Received DOM event "DOMContentLoaded" for "http://junying.marsair.tw/"
1504577872332	Marionette	DEBUG	Received DOM event "pageshow" for "http://junying.marsair.tw/"
1504577873455	Marionette	DEBUG	Received DOM event "beforeunload" for "http://junying.marsair.tw/"
1504577873835	Marionette	DEBUG	Received DOM event "pagehide" for "http://junying.marsair.tw/"
1504577873836	Marionette	DEBUG	Received DOM event "unload" for "http://junying.marsair.tw/"
1504577873865	Marionette	DEBUG	Received DOM event "DOMContentLoaded" for "http://junying.marsair.tw/"
1504577873941	Marionette	DEBUG	Received DOM event "pageshow" for "http://junying.marsair.tw/"
1504577874374	Marionette	DEBUG	Canceled page load listener because no navigation has been detected
1504577874519	Marionette	DEBUG	Received DOM event "beforeunload" for "http://junying.marsair.tw/"
1504577874839	Marionette	DEBUG	Received DOM event "pagehide" for "http://junying.marsair.tw/"
1504577874840	Marionette	DEBUG	Received DOM event "unload" for "http://junying.marsair.tw/"
1504577874860	Marionette	DEBUG	Received DOM event "DOMContentLoaded" for "http://junying.marsair.tw/"
1504577874882	Marionette	DEBUG	Received DOM event "pageshow" for "http://junying.marsair.tw/"
1504577876038	Marionette	DEBUG	Received DOM event "beforeunload" for "http://junying.marsair.tw/"
1504577877088	Marionette	DEBUG	Received DOM event "pagehide" for "http://junying.marsair.tw/"
1504577877088	Marionette	DEBUG	Received DOM event "unload" for "http://junying.marsair.tw/"
1504577877120	Marionette	DEBUG	Received DOM event "DOMContentLoaded" for "http://junying.marsair.tw/"
1504577877182	Marionette	DEBUG	Received DOM event "pageshow" for "http://junying.marsair.tw/"
1504577877524	Marionette	DEBUG	Received DOM event "beforeunload" for "http://junying.marsair.tw/"
1504577877903	Marionette	DEBUG	Received DOM event "pagehide" for "http://junying.marsair.tw/"
1504577877904	Marionette	DEBUG	Received DOM event "unload" for "http://junying.marsair.tw/"
1504577877946	Marionette	DEBUG	Received DOM event "DOMContentLoaded" for "http://junying.marsair.tw/"
1504577877982	Marionette	DEBUG	Received DOM event "pageshow" for "http://junying.marsair.tw/"
1504577879230	Marionette	DEBUG	Received DOM event "beforeunload" for "http://junying.marsair.tw/"
1504577879646	Marionette	DEBUG	Received DOM event "pagehide" for "http://junying.marsair.tw/"
1504577879646	Marionette	DEBUG	Received DOM event "unload" for "http://junying.marsair.tw/"
1504577879658	Marionette	DEBUG	Received DOM event "DOMContentLoaded" for "http://junying.marsair.tw/"
1504577879692	Marionette	DEBUG	Received DOM event "pageshow" for "http://junying.marsair.tw/"
1504577880031	Marionette	DEBUG	Received DOM event "beforeunload" for "http://junying.marsair.tw/"
1504577880403	Marionette	DEBUG	Received DOM event "pagehide" for "http://junying.marsair.tw/"
1504577880404	Marionette	DEBUG	Received DOM event "unload" for "http://junying.marsair.tw/"
1504577880444	Marionette	DEBUG	Received DOM event "DOMContentLoaded" for "http://junying.marsair.tw/"
1504577880497	Marionette	DEBUG	Received DOM event "pageshow" for "http://junying.marsair.tw/"
1504577884499	Marionette	DEBUG	Received DOM event "beforeunload" for "http://junying.marsair.tw/"
1504577884852	Marionette	DEBUG	Received DOM event "pagehide" for "http://junying.marsair.tw/"
1504577884852	Marionette	DEBUG	Received DOM event "unload" for "http://junying.marsair.tw/"
1504577884871	Marionette	DEBUG	Received DOM event "DOMContentLoaded" for "http://junying.marsair.tw/"
1504577884901	Marionette	DEBUG	Received DOM event "pageshow" for "http://junying.marsair.tw/"
1504577885347	Marionette	DEBUG	Canceled page load listener because no navigation has been detected
1504577885450	Marionette	DEBUG	Received DOM event "beforeunload" for "http://junying.marsair.tw/"
1504577885919	Marionette	DEBUG	Received DOM event "pagehide" for "http://junying.marsair.tw/"
1504577885919	Marionette	DEBUG	Received DOM event "unload" for "http://junying.marsair.tw/"
1504577885950	Marionette	DEBUG	Received DOM event "DOMContentLoaded" for "http://junying.marsair.tw/"
1504577886033	Marionette	DEBUG	Received DOM event "pageshow" for "http://junying.marsair.tw/"
1504577887166	Marionette	DEBUG	Received DOM event "beforeunload" for "http://junying.marsair.tw/"
1504577887855	Marionette	DEBUG	Received DOM event "pagehide" for "http://junying.marsair.tw/"
1504577887857	Marionette	DEBUG	Received DOM event "unload" for "http://junying.marsair.tw/"
1504577887884	Marionette	DEBUG	Received DOM event "DOMContentLoaded" for "http://junying.marsair.tw/"
1504577887954	Marionette	DEBUG	Received DOM event "pageshow" for "http://junying.marsair.tw/"
1504577888271	Marionette	DEBUG	Received DOM event "beforeunload" for "http://junying.marsair.tw/"
1504577888607	Marionette	DEBUG	Received DOM event "pagehide" for "http://junying.marsair.tw/"
1504577888608	Marionette	DEBUG	Received DOM event "unload" for "http://junying.marsair.tw/"
1504577888642	Marionette	DEBUG	Received DOM event "DOMContentLoaded" for "http://junying.marsair.tw/"
1504577888682	Marionette	DEBUG	Received DOM event "pageshow" for "http://junying.marsair.tw/"
1504577890093	Marionette	DEBUG	Received DOM event "beforeunload" for "http://junying.marsair.tw/"
1504577890491	Marionette	DEBUG	Received DOM event "pagehide" for "http://junying.marsair.tw/"
1504577890492	Marionette	DEBUG	Received DOM event "unload" for "http://junying.marsair.tw/"
1504577890505	Marionette	DEBUG	Received DOM event "DOMContentLoaded" for "http://junying.marsair.tw/"
1504577890519	Marionette	DEBUG	Received DOM event "pageshow" for "http://junying.marsair.tw/"
1504577891099	Marionette	DEBUG	Received DOM event "beforeunload" for "http://junying.marsair.tw/"
1504577891499	Marionette	DEBUG	Received DOM event "pagehide" for "http://junying.marsair.tw/"
1504577891500	Marionette	DEBUG	Received DOM event "unload" for "http://junying.marsair.tw/"
1504577891535	Marionette	DEBUG	Received DOM event "DOMContentLoaded" for "http://junying.marsair.tw/"
1504577891583	Marionette	DEBUG	Received DOM event "pageshow" for "http://junying.marsair.tw/"
1504577892766	Marionette	DEBUG	Received DOM event "beforeunload" for "http://junying.marsair.tw/"
1504577893118	Marionette	DEBUG	Received DOM event "pagehide" for "http://junying.marsair.tw/"
1504577893118	Marionette	DEBUG	Received DOM event "unload" for "http://junying.marsair.tw/"
1504577893130	Marionette	DEBUG	Received DOM event "DOMContentLoaded" for "http://junying.marsair.tw/"
1504577893151	Marionette	DEBUG	Received DOM event "pageshow" for "http://junying.marsair.tw/"
1504577893583	Marionette	DEBUG	Canceled page load listener because no navigation has been detected
1504577893697	Marionette	DEBUG	Received DOM event "beforeunload" for "http://junying.marsair.tw/"
1504577894075	Marionette	DEBUG	Received DOM event "pagehide" for "http://junying.marsair.tw/"
1504577894076	Marionette	DEBUG	Received DOM event "unload" for "http://junying.marsair.tw/"
1504577894104	Marionette	DEBUG	Received DOM event "DOMContentLoaded" for "http://junying.marsair.tw/"
1504577894134	Marionette	DEBUG	Received DOM event "pageshow" for "http://junying.marsair.tw/"
1504577895223	Marionette	DEBUG	Received DOM event "beforeunload" for "http://junying.marsair.tw/"
1504577895688	Marionette	DEBUG	Received DOM event "pagehide" for "http://junying.marsair.tw/"
1504577895689	Marionette	DEBUG	Received DOM event "unload" for "http://junying.marsair.tw/"
1504577895714	Marionette	DEBUG	Received DOM event "DOMContentLoaded" for "http://junying.marsair.tw/"
1504577895767	Marionette	DEBUG	Received DOM event "pageshow" for "http://junying.marsair.tw/"
1504577896123	Marionette	DEBUG	Received DOM event "beforeunload" for "http://junying.marsair.tw/"
1504577896503	Marionette	DEBUG	Received DOM event "pagehide" for "http://junying.marsair.tw/"
1504577896504	Marionette	DEBUG	Received DOM event "unload" for "http://junying.marsair.tw/"
1504577896536	Marionette	DEBUG	Received DOM event "DOMContentLoaded" for "http://junying.marsair.tw/"
1504577896615	Marionette	DEBUG	Received DOM event "pageshow" for "http://junying.marsair.tw/"
1504577897779	Marionette	DEBUG	Received DOM event "beforeunload" for "http://junying.marsair.tw/"
1504577919832	Marionette	DEBUG	Received DOM event "pagehide" for "http://junying.marsair.tw/"
1504577919832	Marionette	DEBUG	Received DOM event "unload" for "http://junying.marsair.tw/"
1504577919852	Marionette	DEBUG	Received DOM event "DOMContentLoaded" for "http://junying.marsair.tw/"
1504577919875	Marionette	DEBUG	Received DOM event "pageshow" for "http://junying.marsair.tw/"
1504577920288	Marionette	DEBUG	Received DOM event "beforeunload" for "http://junying.marsair.tw/"
1504577920646	Marionette	DEBUG	Received DOM event "pagehide" for "http://junying.marsair.tw/"
1504577920647	Marionette	DEBUG	Received DOM event "unload" for "http://junying.marsair.tw/"
1504577920661	Marionette	DEBUG	Received DOM event "DOMContentLoaded" for "http://junying.marsair.tw/"
1504577920689	Marionette	DEBUG	Received DOM event "pageshow" for "http://junying.marsair.tw/"
1504577924747	Marionette	DEBUG	Received DOM event "beforeunload" for "http://junying.marsair.tw/"
1504577925713	Marionette	DEBUG	Received DOM event "pagehide" for "http://junying.marsair.tw/"
1504577925714	Marionette	DEBUG	Received DOM event "unload" for "http://junying.marsair.tw/"
1504577925725	Marionette	DEBUG	Received DOM event "DOMContentLoaded" for "http://junying.marsair.tw/"
1504577925745	Marionette	DEBUG	Received DOM event "pageshow" for "http://junying.marsair.tw/"
1504577926205	Marionette	DEBUG	Canceled page load listener because no navigation has been detected
1504577926334	Marionette	DEBUG	Received DOM event "beforeunload" for "http://junying.marsair.tw/"
1504577926728	Marionette	DEBUG	Received DOM event "pagehide" for "http://junying.marsair.tw/"
1504577926729	Marionette	DEBUG	Received DOM event "unload" for "http://junying.marsair.tw/"
1504577926756	Marionette	DEBUG	Received DOM event "DOMContentLoaded" for "http://junying.marsair.tw/"
1504577926796	Marionette	DEBUG	Received DOM event "pageshow" for "http://junying.marsair.tw/"
1504577927943	Marionette	DEBUG	Received DOM event "beforeunload" for "http://junying.marsair.tw/"
1504577928292	Marionette	DEBUG	Received DOM event "pagehide" for "http://junying.marsair.tw/"
1504577928292	Marionette	DEBUG	Received DOM event "unload" for "http://junying.marsair.tw/"
1504577928319	Marionette	DEBUG	Received DOM event "DOMContentLoaded" for "http://junying.marsair.tw/"
1504577928358	Marionette	DEBUG	Received DOM event "pageshow" for "http://junying.marsair.tw/"
1504577928680	Marionette	DEBUG	Received DOM event "beforeunload" for "http://junying.marsair.tw/"
1504577929101	Marionette	DEBUG	Received DOM event "pagehide" for "http://junying.marsair.tw/"
1504577929101	Marionette	DEBUG	Received DOM event "unload" for "http://junying.marsair.tw/"
1504577929110	Marionette	DEBUG	Received DOM event "DOMContentLoaded" for "http://junying.marsair.tw/"
1504577929119	Marionette	DEBUG	Received DOM event "pageshow" for "http://junying.marsair.tw/"
1504577930259	Marionette	DEBUG	Received DOM event "beforeunload" for "http://junying.marsair.tw/"
1504577930668	Marionette	DEBUG	Received DOM event "pagehide" for "http://junying.marsair.tw/"
1504577930668	Marionette	DEBUG	Received DOM event "unload" for "http://junying.marsair.tw/"
1504577930695	Marionette	DEBUG	Received DOM event "DOMContentLoaded" for "http://junying.marsair.tw/"
1504577930719	Marionette	DEBUG	Received DOM event "pageshow" for "http://junying.marsair.tw/"
1504577931179	Marionette	DEBUG	Received DOM event "beforeunload" for "http://junying.marsair.tw/"
1504577931570	Marionette	DEBUG	Received DOM event "pagehide" for "http://junying.marsair.tw/"
1504577931572	Marionette	DEBUG	Received DOM event "unload" for "http://junying.marsair.tw/"
1504577931607	Marionette	DEBUG	Received DOM event "DOMContentLoaded" for "http://junying.marsair.tw/"
1504577931663	Marionette	DEBUG	Received DOM event "pageshow" for "http://junying.marsair.tw/"
1504577932766	Marionette	DEBUG	Received DOM event "beforeunload" for "http://junying.marsair.tw/"
1504577933197	Marionette	DEBUG	Received DOM event "pagehide" for "http://junying.marsair.tw/"
1504577933197	Marionette	DEBUG	Received DOM event "unload" for "http://junying.marsair.tw/"
1504577933218	Marionette	DEBUG	Received DOM event "DOMContentLoaded" for "http://junying.marsair.tw/"
1504577933242	Marionette	DEBUG	Received DOM event "pageshow" for "http://junying.marsair.tw/"
1504577933688	Marionette	DEBUG	Canceled page load listener because no navigation has been detected
1504577933827	Marionette	DEBUG	Received DOM event "beforeunload" for "http://junying.marsair.tw/"
1504577934195	Marionette	DEBUG	Received DOM event "pagehide" for "http://junying.marsair.tw/"
1504577934195	Marionette	DEBUG	Received DOM event "unload" for "http://junying.marsair.tw/"
1504577934209	Marionette	DEBUG	Received DOM event "DOMContentLoaded" for "http://junying.marsair.tw/"
1504577934230	Marionette	DEBUG	Received DOM event "pageshow" for "http://junying.marsair.tw/"
1504577935344	Marionette	DEBUG	Received DOM event "beforeunload" for "http://junying.marsair.tw/"
1504577935948	Marionette	DEBUG	Received DOM event "pagehide" for "http://junying.marsair.tw/"
1504577935949	Marionette	DEBUG	Received DOM event "unload" for "http://junying.marsair.tw/"
1504577935976	Marionette	DEBUG	Received DOM event "DOMContentLoaded" for "http://junying.marsair.tw/"
1504577936006	Marionette	DEBUG	Received DOM event "pageshow" for "http://junying.marsair.tw/"
1504577936359	Marionette	DEBUG	Received DOM event "beforeunload" for "http://junying.marsair.tw/"
1504577936693	Marionette	DEBUG	Received DOM event "pagehide" for "http://junying.marsair.tw/"
1504577936694	Marionette	DEBUG	Received DOM event "unload" for "http://junying.marsair.tw/"
1504577936708	Marionette	DEBUG	Received DOM event "DOMContentLoaded" for "http://junying.marsair.tw/"
1504577936721	Marionette	DEBUG	Received DOM event "pageshow" for "http://junying.marsair.tw/"
1504577937893	Marionette	DEBUG	Received DOM event "beforeunload" for "http://junying.marsair.tw/"
1504577938324	Marionette	DEBUG	Received DOM event "pagehide" for "http://junying.marsair.tw/"
1504577938325	Marionette	DEBUG	Received DOM event "unload" for "http://junying.marsair.tw/"
1504577938349	Marionette	DEBUG	Received DOM event "DOMContentLoaded" for "http://junying.marsair.tw/"
1504577938380	Marionette	DEBUG	Received DOM event "pageshow" for "http://junying.marsair.tw/"
1504577938752	Marionette	DEBUG	Received DOM event "beforeunload" for "http://junying.marsair.tw/"
1504577939136	Marionette	DEBUG	Received DOM event "pagehide" for "http://junying.marsair.tw/"
1504577939137	Marionette	DEBUG	Received DOM event "unload" for "http://junying.marsair.tw/"
1504577939170	Marionette	DEBUG	Received DOM event "DOMContentLoaded" for "http://junying.marsair.tw/"
1504577939219	Marionette	DEBUG	Received DOM event "pageshow" for "http://junying.marsair.tw/"
1504577940352	Marionette	DEBUG	Received DOM event "beforeunload" for "http://junying.marsair.tw/"
1504577940874	Marionette	DEBUG	Received DOM event "pagehide" for "http://junying.marsair.tw/"
1504577940874	Marionette	DEBUG	Received DOM event "unload" for "http://junying.marsair.tw/"
1504577940887	Marionette	DEBUG	Received DOM event "DOMContentLoaded" for "http://junying.marsair.tw/"
1504577940910	Marionette	DEBUG	Received DOM event "pageshow" for "http://junying.marsair.tw/"
1504577941444	Marionette	DEBUG	Canceled page load listener because no navigation has been detected
1504577941571	Marionette	DEBUG	Received DOM event "beforeunload" for "http://junying.marsair.tw/"
1504577941884	Marionette	DEBUG	Received DOM event "pagehide" for "http://junying.marsair.tw/"
1504577941884	Marionette	DEBUG	Received DOM event "unload" for "http://junying.marsair.tw/"
1504577941902	Marionette	DEBUG	Received DOM event "DOMContentLoaded" for "http://junying.marsair.tw/"
1504577941919	Marionette	DEBUG	Received DOM event "pageshow" for "http://junying.marsair.tw/"
1504577942988	Marionette	DEBUG	Received DOM event "beforeunload" for "http://junying.marsair.tw/"
1504577943326	Marionette	DEBUG	Received DOM event "pagehide" for "http://junying.marsair.tw/"
1504577943327	Marionette	DEBUG	Received DOM event "unload" for "http://junying.marsair.tw/"
1504577943348	Marionette	DEBUG	Received DOM event "DOMContentLoaded" for "http://junying.marsair.tw/"
1504577943368	Marionette	DEBUG	Received DOM event "pageshow" for "http://junying.marsair.tw/"
1504577943734	Marionette	DEBUG	Received DOM event "beforeunload" for "http://junying.marsair.tw/"
1504577944077	Marionette	DEBUG	Received DOM event "pagehide" for "http://junying.marsair.tw/"
1504577944078	Marionette	DEBUG	Received DOM event "unload" for "http://junying.marsair.tw/"
1504577944114	Marionette	DEBUG	Received DOM event "DOMContentLoaded" for "http://junying.marsair.tw/"
1504577944178	Marionette	DEBUG	Received DOM event "pageshow" for "http://junying.marsair.tw/"
1504577945459	Marionette	DEBUG	Received DOM event "beforeunload" for "http://junying.marsair.tw/"
1504577945774	Marionette	DEBUG	Received DOM event "pagehide" for "http://junying.marsair.tw/"
1504577945774	Marionette	DEBUG	Received DOM event "unload" for "http://junying.marsair.tw/"
1504577945832	Marionette	DEBUG	Received DOM event "DOMContentLoaded" for "http://junying.marsair.tw/"
1504577945838	Marionette	DEBUG	Received DOM event "pageshow" for "http://junying.marsair.tw/"
1504577946207	Marionette	DEBUG	Received DOM event "beforeunload" for "http://junying.marsair.tw/"
1504577946586	Marionette	DEBUG	Received DOM event "pagehide" for "http://junying.marsair.tw/"
1504577946586	Marionette	DEBUG	Received DOM event "unload" for "http://junying.marsair.tw/"
1504577946645	Marionette	DEBUG	Received DOM event "DOMContentLoaded" for "http://junying.marsair.tw/"
1504577946650	Marionette	DEBUG	Received DOM event "pageshow" for "http://junying.marsair.tw/"
1504577950752	Marionette	DEBUG	Received DOM event "beforeunload" for "http://junying.marsair.tw/"
1504577951097	Marionette	DEBUG	Received DOM event "pagehide" for "http://junying.marsair.tw/"
1504577951098	Marionette	DEBUG	Received DOM event "unload" for "http://junying.marsair.tw/"
1504577951171	Marionette	DEBUG	Received DOM event "DOMContentLoaded" for "http://junying.marsair.tw/"
1504577951182	Marionette	DEBUG	Received DOM event "pageshow" for "http://junying.marsair.tw/"
1504577951605	Marionette	DEBUG	Canceled page load listener because no navigation has been detected
1504577951870	Marionette	DEBUG	Canceled page load listener because no navigation has been detected
1504577951977	Marionette	DEBUG	Received DOM event "beforeunload" for "http://junying.marsair.tw/"
1504577952347	Marionette	DEBUG	Received DOM event "pagehide" for "http://junying.marsair.tw/"
1504577952347	Marionette	DEBUG	Received DOM event "unload" for "http://junying.marsair.tw/"
1504577952421	Marionette	DEBUG	Received DOM event "DOMContentLoaded" for "http://junying.marsair.tw/"
1504577952428	Marionette	DEBUG	Received DOM event "pageshow" for "http://junying.marsair.tw/"
1504577953606	Marionette	DEBUG	Received DOM event "beforeunload" for "http://junying.marsair.tw/"
1504577954597	Marionette	DEBUG	Received DOM event "pagehide" for "http://junying.marsair.tw/"
1504577954597	Marionette	DEBUG	Received DOM event "unload" for "http://junying.marsair.tw/"
1504577954668	Marionette	DEBUG	Received DOM event "DOMContentLoaded" for "http://junying.marsair.tw/"
1504577954675	Marionette	DEBUG	Received DOM event "pageshow" for "http://junying.marsair.tw/"
1504577954947	Marionette	DEBUG	Received DOM event "beforeunload" for "http://junying.marsair.tw/"
1504577955283	Marionette	DEBUG	Received DOM event "pagehide" for "http://junying.marsair.tw/"
1504577955283	Marionette	DEBUG	Received DOM event "unload" for "http://junying.marsair.tw/"
1504577955362	Marionette	DEBUG	Received DOM event "DOMContentLoaded" for "http://junying.marsair.tw/"
1504577955367	Marionette	DEBUG	Received DOM event "pageshow" for "http://junying.marsair.tw/"
1504577956503	Marionette	DEBUG	Received DOM event "beforeunload" for "http://junying.marsair.tw/"
1504577956848	Marionette	DEBUG	Received DOM event "pagehide" for "http://junying.marsair.tw/"
1504577956848	Marionette	DEBUG	Received DOM event "unload" for "http://junying.marsair.tw/"
1504577956919	Marionette	DEBUG	Received DOM event "DOMContentLoaded" for "http://junying.marsair.tw/"
1504577956937	Marionette	DEBUG	Received DOM event "pageshow" for "http://junying.marsair.tw/"
1504577957264	Marionette	DEBUG	Received DOM event "beforeunload" for "http://junying.marsair.tw/"
1504577957599	Marionette	DEBUG	Received DOM event "pagehide" for "http://junying.marsair.tw/"
1504577957599	Marionette	DEBUG	Received DOM event "unload" for "http://junying.marsair.tw/"
1504577957684	Marionette	DEBUG	Received DOM event "DOMContentLoaded" for "http://junying.marsair.tw/"
1504577957689	Marionette	DEBUG	Received DOM event "pageshow" for "http://junying.marsair.tw/"
1504577958930	Marionette	DEBUG	Received DOM event "beforeunload" for "http://junying.marsair.tw/"
1504577959304	Marionette	DEBUG	Received DOM event "pagehide" for "http://junying.marsair.tw/"
1504577959305	Marionette	DEBUG	Received DOM event "unload" for "http://junying.marsair.tw/"
1504577959377	Marionette	DEBUG	Received DOM event "DOMContentLoaded" for "http://junying.marsair.tw/"
1504577959427	Marionette	DEBUG	Received DOM event "pageshow" for "http://junying.marsair.tw/"
1504577960139	Marionette	DEBUG	Canceled page load listener because no navigation has been detected
1504577960388	Marionette	DEBUG	Received DOM event "beforeunload" for "http://junying.marsair.tw/"
1504577960829	Marionette	DEBUG	Received DOM event "pagehide" for "http://junying.marsair.tw/"
1504577960830	Marionette	DEBUG	Received DOM event "unload" for "http://junying.marsair.tw/"
1504577960889	Marionette	DEBUG	Received DOM event "DOMContentLoaded" for "http://junying.marsair.tw/"
1504577960893	Marionette	DEBUG	Received DOM event "pageshow" for "http://junying.marsair.tw/"
1504577962077	Marionette	DEBUG	Received DOM event "beforeunload" for "http://junying.marsair.tw/"
1504577962462	Marionette	DEBUG	Received DOM event "pagehide" for "http://junying.marsair.tw/"
1504577962463	Marionette	DEBUG	Received DOM event "unload" for "http://junying.marsair.tw/"
1504577962532	Marionette	DEBUG	Received DOM event "DOMContentLoaded" for "http://junying.marsair.tw/"
1504577962538	Marionette	DEBUG	Received DOM event "pageshow" for "http://junying.marsair.tw/"
1504577962804	Marionette	DEBUG	Received DOM event "beforeunload" for "http://junying.marsair.tw/"
1504577963150	Marionette	DEBUG	Received DOM event "pagehide" for "http://junying.marsair.tw/"
1504577963150	Marionette	DEBUG	Received DOM event "unload" for "http://junying.marsair.tw/"
1504577963223	Marionette	DEBUG	Received DOM event "DOMContentLoaded" for "http://junying.marsair.tw/"
1504577963226	Marionette	DEBUG	Received DOM event "pageshow" for "http://junying.marsair.tw/"
1504577964417	Marionette	DEBUG	Received DOM event "beforeunload" for "http://junying.marsair.tw/"
1504577964832	Marionette	DEBUG	Received DOM event "pagehide" for "http://junying.marsair.tw/"
1504577964832	Marionette	DEBUG	Received DOM event "unload" for "http://junying.marsair.tw/"
1504577964893	Marionette	DEBUG	Received DOM event "DOMContentLoaded" for "http://junying.marsair.tw/"
1504577964899	Marionette	DEBUG	Received DOM event "pageshow" for "http://junying.marsair.tw/"
1504577965186	Marionette	DEBUG	Received DOM event "beforeunload" for "http://junying.marsair.tw/"
1504577965525	Marionette	DEBUG	Received DOM event "pagehide" for "http://junying.marsair.tw/"
1504577965526	Marionette	DEBUG	Received DOM event "unload" for "http://junying.marsair.tw/"
1504577965596	Marionette	DEBUG	Received DOM event "DOMContentLoaded" for "http://junying.marsair.tw/"
1504577965602	Marionette	DEBUG	Received DOM event "pageshow" for "http://junying.marsair.tw/"
1504577969680	Marionette	DEBUG	Received DOM event "beforeunload" for "http://junying.marsair.tw/"
1504577970060	Marionette	DEBUG	Received DOM event "pagehide" for "http://junying.marsair.tw/"
1504577970061	Marionette	DEBUG	Received DOM event "unload" for "http://junying.marsair.tw/"
1504577970123	Marionette	DEBUG	Received DOM event "DOMContentLoaded" for "http://junying.marsair.tw/"
1504577970129	Marionette	DEBUG	Received DOM event "pageshow" for "http://junying.marsair.tw/"
1504577970604	Marionette	DEBUG	Canceled page load listener because no navigation has been detected
1504577970727	Marionette	DEBUG	Received DOM event "beforeunload" for "http://junying.marsair.tw/"
1504577971189	Marionette	DEBUG	Received DOM event "pagehide" for "http://junying.marsair.tw/"
1504577971189	Marionette	DEBUG	Received DOM event "unload" for "http://junying.marsair.tw/"
1504577971262	Marionette	DEBUG	Received DOM event "DOMContentLoaded" for "http://junying.marsair.tw/"
1504577971268	Marionette	DEBUG	Received DOM event "pageshow" for "http://junying.marsair.tw/"
1504577972360	Marionette	DEBUG	Received DOM event "beforeunload" for "http://junying.marsair.tw/"
1504577973002	Marionette	DEBUG	Received DOM event "pagehide" for "http://junying.marsair.tw/"
1504577973003	Marionette	DEBUG	Received DOM event "unload" for "http://junying.marsair.tw/"
1504577973073	Marionette	DEBUG	Received DOM event "DOMContentLoaded" for "http://junying.marsair.tw/"
1504577973080	Marionette	DEBUG	Received DOM event "pageshow" for "http://junying.marsair.tw/"
1504577973380	Marionette	DEBUG	Received DOM event "beforeunload" for "http://junying.marsair.tw/"
1504577973752	Marionette	DEBUG	Received DOM event "pagehide" for "http://junying.marsair.tw/"
1504577973752	Marionette	DEBUG	Received DOM event "unload" for "http://junying.marsair.tw/"
1504577973823	Marionette	DEBUG	Received DOM event "DOMContentLoaded" for "http://junying.marsair.tw/"
1504577973827	Marionette	DEBUG	Received DOM event "pageshow" for "http://junying.marsair.tw/"
1504577975034	Marionette	DEBUG	Received DOM event "beforeunload" for "http://junying.marsair.tw/"
1504577975374	Marionette	DEBUG	Received DOM event "pagehide" for "http://junying.marsair.tw/"
1504577975374	Marionette	DEBUG	Received DOM event "unload" for "http://junying.marsair.tw/"
1504577975433	Marionette	DEBUG	Received DOM event "DOMContentLoaded" for "http://junying.marsair.tw/"
1504577975443	Marionette	DEBUG	Received DOM event "pageshow" for "http://junying.marsair.tw/"
1504577975840	Marionette	DEBUG	Received DOM event "beforeunload" for "http://junying.marsair.tw/"
1504577976194	Marionette	DEBUG	Received DOM event "pagehide" for "http://junying.marsair.tw/"
1504577976195	Marionette	DEBUG	Received DOM event "unload" for "http://junying.marsair.tw/"
1504577976263	Marionette	DEBUG	Received DOM event "DOMContentLoaded" for "http://junying.marsair.tw/"
1504577976280	Marionette	DEBUG	Received DOM event "pageshow" for "http://junying.marsair.tw/"
1504577980307	Marionette	DEBUG	Received DOM event "beforeunload" for "http://junying.marsair.tw/"
1504577980690	Marionette	DEBUG	Received DOM event "pagehide" for "http://junying.marsair.tw/"
1504577980690	Marionette	DEBUG	Received DOM event "unload" for "http://junying.marsair.tw/"
1504577980765	Marionette	DEBUG	Received DOM event "DOMContentLoaded" for "http://junying.marsair.tw/"
1504577980772	Marionette	DEBUG	Received DOM event "pageshow" for "http://junying.marsair.tw/"
1504577981202	Marionette	DEBUG	Canceled page load listener because no navigation has been detected
1504577981404	Marionette	DEBUG	Received DOM event "beforeunload" for "http://junying.marsair.tw/"
1504577981988	Marionette	DEBUG	Received DOM event "pagehide" for "http://junying.marsair.tw/"
1504577981988	Marionette	DEBUG	Received DOM event "unload" for "http://junying.marsair.tw/"
1504577982066	Marionette	DEBUG	Received DOM event "DOMContentLoaded" for "http://junying.marsair.tw/"
1504577982070	Marionette	DEBUG	Received DOM event "pageshow" for "http://junying.marsair.tw/"
1504577983437	Marionette	DEBUG	Received DOM event "beforeunload" for "http://junying.marsair.tw/"
1504577983803	Marionette	DEBUG	Received DOM event "pagehide" for "http://junying.marsair.tw/"
1504577983803	Marionette	DEBUG	Received DOM event "unload" for "http://junying.marsair.tw/"
1504577983875	Marionette	DEBUG	Received DOM event "DOMContentLoaded" for "http://junying.marsair.tw/"
1504577983901	Marionette	DEBUG	Received DOM event "pageshow" for "http://junying.marsair.tw/"
1504577984206	Marionette	DEBUG	Received DOM event "beforeunload" for "http://junying.marsair.tw/"
1504577984625	Marionette	DEBUG	Received DOM event "pagehide" for "http://junying.marsair.tw/"
1504577984626	Marionette	DEBUG	Received DOM event "unload" for "http://junying.marsair.tw/"
1504577984685	Marionette	DEBUG	Received DOM event "DOMContentLoaded" for "http://junying.marsair.tw/"
1504577984689	Marionette	DEBUG	Received DOM event "pageshow" for "http://junying.marsair.tw/"
1504577985800	Marionette	DEBUG	Received DOM event "beforeunload" for "http://junying.marsair.tw/"
1504577986251	Marionette	DEBUG	Received DOM event "pagehide" for "http://junying.marsair.tw/"
1504577986251	Marionette	DEBUG	Received DOM event "unload" for "http://junying.marsair.tw/"
1504577986311	Marionette	DEBUG	Received DOM event "DOMContentLoaded" for "http://junying.marsair.tw/"
1504577986318	Marionette	DEBUG	Received DOM event "pageshow" for "http://junying.marsair.tw/"
1504577986671	Marionette	DEBUG	Received DOM event "beforeunload" for "http://junying.marsair.tw/"
1504577987069	Marionette	DEBUG	Received DOM event "pagehide" for "http://junying.marsair.tw/"
1504577987070	Marionette	DEBUG	Received DOM event "unload" for "http://junying.marsair.tw/"
1504577987140	Marionette	DEBUG	Received DOM event "DOMContentLoaded" for "http://junying.marsair.tw/"
1504577987153	Marionette	DEBUG	Received DOM event "pageshow" for "http://junying.marsair.tw/"
1504577991584	Marionette	DEBUG	Received DOM event "beforeunload" for "http://junying.marsair.tw/"
1504577991962	Marionette	DEBUG	Received DOM event "pagehide" for "http://junying.marsair.tw/"
1504577991963	Marionette	DEBUG	Received DOM event "unload" for "http://junying.marsair.tw/"
1504577992035	Marionette	DEBUG	Received DOM event "DOMContentLoaded" for "http://junying.marsair.tw/"
1504577992049	Marionette	DEBUG	Received DOM event "pageshow" for "http://junying.marsair.tw/"
1504577992519	Marionette	DEBUG	Canceled page load listener because no navigation has been detected
1504577992667	Marionette	DEBUG	Received DOM event "beforeunload" for "http://junying.marsair.tw/"
1504577993026	Marionette	DEBUG	Received DOM event "pagehide" for "http://junying.marsair.tw/"
1504577993027	Marionette	DEBUG	Received DOM event "unload" for "http://junying.marsair.tw/"
1504577993099	Marionette	DEBUG	Received DOM event "DOMContentLoaded" for "http://junying.marsair.tw/"
1504577993102	Marionette	DEBUG	Received DOM event "pageshow" for "http://junying.marsair.tw/"
1504577994265	Marionette	DEBUG	Received DOM event "beforeunload" for "http://junying.marsair.tw/"
1504577995151	Marionette	DEBUG	Received DOM event "pagehide" for "http://junying.marsair.tw/"
1504577995151	Marionette	DEBUG	Received DOM event "unload" for "http://junying.marsair.tw/"
1504577995222	Marionette	DEBUG	Received DOM event "DOMContentLoaded" for "http://junying.marsair.tw/"
1504577995230	Marionette	DEBUG	Received DOM event "pageshow" for "http://junying.marsair.tw/"
1504577995584	Marionette	DEBUG	Received DOM event "beforeunload" for "http://junying.marsair.tw/"
1504577995903	Marionette	DEBUG	Received DOM event "pagehide" for "http://junying.marsair.tw/"
1504577995904	Marionette	DEBUG	Received DOM event "unload" for "http://junying.marsair.tw/"
1504577995975	Marionette	DEBUG	Received DOM event "DOMContentLoaded" for "http://junying.marsair.tw/"
1504577995999	Marionette	DEBUG	Received DOM event "pageshow" for "http://junying.marsair.tw/"
1504577997646	Marionette	DEBUG	Received DOM event "beforeunload" for "http://junying.marsair.tw/"
1504577998037	Marionette	DEBUG	Received DOM event "pagehide" for "http://junying.marsair.tw/"
1504577998038	Marionette	DEBUG	Received DOM event "unload" for "http://junying.marsair.tw/"
1504577998098	Marionette	DEBUG	Received DOM event "DOMContentLoaded" for "http://junying.marsair.tw/"
1504577998104	Marionette	DEBUG	Received DOM event "pageshow" for "http://junying.marsair.tw/"
1504577998461	Marionette	DEBUG	Received DOM event "beforeunload" for "http://junying.marsair.tw/"
1504577998840	Marionette	DEBUG	Received DOM event "pagehide" for "http://junying.marsair.tw/"
1504577998842	Marionette	DEBUG	Received DOM event "unload" for "http://junying.marsair.tw/"
1504577998913	Marionette	DEBUG	Received DOM event "DOMContentLoaded" for "http://junying.marsair.tw/"
1504577998953	Marionette	DEBUG	Received DOM event "pageshow" for "http://junying.marsair.tw/"
1504578002950	Marionette	DEBUG	Received DOM event "beforeunload" for "http://junying.marsair.tw/"
1504578003353	Marionette	DEBUG	Received DOM event "pagehide" for "http://junying.marsair.tw/"
1504578003354	Marionette	DEBUG	Received DOM event "unload" for "http://junying.marsair.tw/"
1504578003423	Marionette	DEBUG	Received DOM event "DOMContentLoaded" for "http://junying.marsair.tw/"
1504578003434	Marionette	DEBUG	Received DOM event "pageshow" for "http://junying.marsair.tw/"
1504578003875	Marionette	DEBUG	Canceled page load listener because no navigation has been detected
1504578004014	Marionette	DEBUG	Received DOM event "beforeunload" for "http://junying.marsair.tw/"
1504578004350	Marionette	DEBUG	Received DOM event "pagehide" for "http://junying.marsair.tw/"
1504578004351	Marionette	DEBUG	Received DOM event "unload" for "http://junying.marsair.tw/"
1504578004412	Marionette	DEBUG	Received DOM event "DOMContentLoaded" for "http://junying.marsair.tw/"
1504578004417	Marionette	DEBUG	Received DOM event "pageshow" for "http://junying.marsair.tw/"
1504578005772	Marionette	DEBUG	Received DOM event "beforeunload" for "http://junying.marsair.tw/"
1504578006083	Marionette	DEBUG	Received DOM event "pagehide" for "http://junying.marsair.tw/"
1504578006084	Marionette	DEBUG	Received DOM event "unload" for "http://junying.marsair.tw/"
1504578006155	Marionette	DEBUG	Received DOM event "DOMContentLoaded" for "http://junying.marsair.tw/"
1504578006168	Marionette	DEBUG	Received DOM event "pageshow" for "http://junying.marsair.tw/"
1504578006540	Marionette	DEBUG	Received DOM event "beforeunload" for "http://junying.marsair.tw/"
1504578006967	Marionette	DEBUG	Received DOM event "pagehide" for "http://junying.marsair.tw/"
1504578006967	Marionette	DEBUG	Received DOM event "unload" for "http://junying.marsair.tw/"
1504578007030	Marionette	DEBUG	Received DOM event "DOMContentLoaded" for "http://junying.marsair.tw/"
1504578007035	Marionette	DEBUG	Received DOM event "pageshow" for "http://junying.marsair.tw/"
1504578008180	Marionette	DEBUG	Received DOM event "beforeunload" for "http://junying.marsair.tw/"
1504578008608	Marionette	DEBUG	Received DOM event "pagehide" for "http://junying.marsair.tw/"
1504578008608	Marionette	DEBUG	Received DOM event "unload" for "http://junying.marsair.tw/"
1504578008671	Marionette	DEBUG	Received DOM event "DOMContentLoaded" for "http://junying.marsair.tw/"
1504578008676	Marionette	DEBUG	Received DOM event "pageshow" for "http://junying.marsair.tw/"
1504578009004	Marionette	DEBUG	Received DOM event "beforeunload" for "http://junying.marsair.tw/"
1504578009398	Marionette	DEBUG	Received DOM event "pagehide" for "http://junying.marsair.tw/"
1504578009400	Marionette	DEBUG	Received DOM event "unload" for "http://junying.marsair.tw/"
1504578009470	Marionette	DEBUG	Received DOM event "DOMContentLoaded" for "http://junying.marsair.tw/"
1504578009474	Marionette	DEBUG	Received DOM event "pageshow" for "http://junying.marsair.tw/"
1504578010546	Marionette	DEBUG	Received DOM event "beforeunload" for "http://junying.marsair.tw/"
1504578010898	Marionette	DEBUG	Received DOM event "pagehide" for "http://junying.marsair.tw/"
1504578010898	Marionette	DEBUG	Received DOM event "unload" for "http://junying.marsair.tw/"
1504578010968	Marionette	DEBUG	Received DOM event "DOMContentLoaded" for "http://junying.marsair.tw/"
1504578010976	Marionette	DEBUG	Received DOM event "pageshow" for "http://junying.marsair.tw/"
1504578011468	Marionette	DEBUG	Canceled page load listener because no navigation has been detected
1504578011627	Marionette	DEBUG	Received DOM event "beforeunload" for "http://junying.marsair.tw/"
1504578012021	Marionette	DEBUG	Received DOM event "pagehide" for "http://junying.marsair.tw/"
1504578012022	Marionette	DEBUG	Received DOM event "unload" for "http://junying.marsair.tw/"
1504578012095	Marionette	DEBUG	Received DOM event "DOMContentLoaded" for "http://junying.marsair.tw/"
1504578012099	Marionette	DEBUG	Received DOM event "pageshow" for "http://junying.marsair.tw/"
1504578013281	Marionette	DEBUG	Received DOM event "beforeunload" for "http://junying.marsair.tw/"
1504578013753	Marionette	DEBUG	Received DOM event "pagehide" for "http://junying.marsair.tw/"
1504578013754	Marionette	DEBUG	Received DOM event "unload" for "http://junying.marsair.tw/"
1504578013834	Marionette	DEBUG	Received DOM event "DOMContentLoaded" for "http://junying.marsair.tw/"
1504578013856	Marionette	DEBUG	Received DOM event "pageshow" for "http://junying.marsair.tw/"
1504578014596	Marionette	DEBUG	Received DOM event "beforeunload" for "http://junying.marsair.tw/"
1504578015021	Marionette	DEBUG	Received DOM event "pagehide" for "http://junying.marsair.tw/"
1504578015022	Marionette	DEBUG	Received DOM event "unload" for "http://junying.marsair.tw/"
1504578015107	Marionette	DEBUG	Received DOM event "DOMContentLoaded" for "http://junying.marsair.tw/"
1504578015177	Marionette	DEBUG	Received DOM event "pageshow" for "http://junying.marsair.tw/"
1504578016582	Marionette	DEBUG	Received DOM event "beforeunload" for "http://junying.marsair.tw/"
1504578017582	Marionette	DEBUG	Received DOM event "pagehide" for "http://junying.marsair.tw/"
1504578017583	Marionette	DEBUG	Received DOM event "unload" for "http://junying.marsair.tw/"
1504578017620	Marionette	DEBUG	Received DOM event "DOMContentLoaded" for "http://junying.marsair.tw/"
1504578017672	Marionette	DEBUG	Received DOM event "pageshow" for "http://junying.marsair.tw/"
1504578018091	Marionette	DEBUG	Received DOM event "beforeunload" for "http://junying.marsair.tw/"
1504578018516	Marionette	DEBUG	Received DOM event "pagehide" for "http://junying.marsair.tw/"
1504578018517	Marionette	DEBUG	Received DOM event "unload" for "http://junying.marsair.tw/"
1504578018550	Marionette	DEBUG	Received DOM event "DOMContentLoaded" for "http://junying.marsair.tw/"
1504578018586	Marionette	DEBUG	Received DOM event "pageshow" for "http://junying.marsair.tw/"
1504578019708	Marionette	DEBUG	Received DOM event "beforeunload" for "http://junying.marsair.tw/"
1504578020136	Marionette	DEBUG	Received DOM event "pagehide" for "http://junying.marsair.tw/"
1504578020136	Marionette	DEBUG	Received DOM event "unload" for "http://junying.marsair.tw/"
1504578020146	Marionette	DEBUG	Received DOM event "DOMContentLoaded" for "http://junying.marsair.tw/"
1504578020163	Marionette	DEBUG	Received DOM event "pageshow" for "http://junying.marsair.tw/"
1504578020617	Marionette	DEBUG	Canceled page load listener because no navigation has been detected
1504578020916	Marionette	DEBUG	Canceled page load listener because no navigation has been detected
1504578021027	Marionette	DEBUG	Received DOM event "beforeunload" for "http://junying.marsair.tw/"
1504578021458	Marionette	DEBUG	Received DOM event "pagehide" for "http://junying.marsair.tw/"
1504578021459	Marionette	DEBUG	Received DOM event "unload" for "http://junying.marsair.tw/"
1504578021503	Marionette	DEBUG	Received DOM event "DOMContentLoaded" for "http://junying.marsair.tw/"
1504578021527	Marionette	DEBUG	Received DOM event "pageshow" for "http://junying.marsair.tw/"
1504578022695	Marionette	DEBUG	Received DOM event "beforeunload" for "http://junying.marsair.tw/"
1504578023126	Marionette	DEBUG	Received DOM event "pagehide" for "http://junying.marsair.tw/"
1504578023127	Marionette	DEBUG	Received DOM event "unload" for "http://junying.marsair.tw/"
1504578023157	Marionette	DEBUG	Received DOM event "DOMContentLoaded" for "http://junying.marsair.tw/"
1504578023239	Marionette	DEBUG	Received DOM event "pageshow" for "http://junying.marsair.tw/"
1504578023612	Marionette	DEBUG	Received DOM event "beforeunload" for "http://junying.marsair.tw/"
1504578024061	Marionette	DEBUG	Received DOM event "pagehide" for "http://junying.marsair.tw/"
1504578024062	Marionette	DEBUG	Received DOM event "unload" for "http://junying.marsair.tw/"
1504578024072	Marionette	DEBUG	Received DOM event "DOMContentLoaded" for "http://junying.marsair.tw/"
1504578024085	Marionette	DEBUG	Received DOM event "pageshow" for "http://junying.marsair.tw/"
1504578025221	Marionette	DEBUG	Received DOM event "beforeunload" for "http://junying.marsair.tw/"
1504578025625	Marionette	DEBUG	Received DOM event "pagehide" for "http://junying.marsair.tw/"
1504578025625	Marionette	DEBUG	Received DOM event "unload" for "http://junying.marsair.tw/"
1504578025638	Marionette	DEBUG	Received DOM event "DOMContentLoaded" for "http://junying.marsair.tw/"
1504578025651	Marionette	DEBUG	Received DOM event "pageshow" for "http://junying.marsair.tw/"
1504578026056	Marionette	DEBUG	Received DOM event "beforeunload" for "http://junying.marsair.tw/"
1504578026506	Marionette	DEBUG	Received DOM event "pagehide" for "http://junying.marsair.tw/"
1504578026509	Marionette	DEBUG	Received DOM event "unload" for "http://junying.marsair.tw/"
1504578026548	Marionette	DEBUG	Received DOM event "DOMContentLoaded" for "http://junying.marsair.tw/"
1504578026658	Marionette	DEBUG	Received DOM event "pageshow" for "http://junying.marsair.tw/"
1504578027859	Marionette	DEBUG	Received DOM event "beforeunload" for "http://junying.marsair.tw/"
1504578028258	Marionette	DEBUG	Received DOM event "pagehide" for "http://junying.marsair.tw/"
1504578028259	Marionette	DEBUG	Received DOM event "unload" for "http://junying.marsair.tw/"
1504578028290	Marionette	DEBUG	Received DOM event "DOMContentLoaded" for "http://junying.marsair.tw/"
1504578028320	Marionette	DEBUG	Received DOM event "pageshow" for "http://junying.marsair.tw/"
1504578028810	Marionette	DEBUG	Canceled page load listener because no navigation has been detected
1504578028948	Marionette	DEBUG	Received DOM event "beforeunload" for "http://junying.marsair.tw/"
1504578029375	Marionette	DEBUG	Received DOM event "pagehide" for "http://junying.marsair.tw/"
1504578029377	Marionette	DEBUG	Received DOM event "unload" for "http://junying.marsair.tw/"
1504578029396	Marionette	DEBUG	Received DOM event "DOMContentLoaded" for "http://junying.marsair.tw/"
1504578029418	Marionette	DEBUG	Received DOM event "pageshow" for "http://junying.marsair.tw/"
1504578030677	Marionette	DEBUG	Received DOM event "beforeunload" for "http://junying.marsair.tw/"
1504578031037	Marionette	DEBUG	Received DOM event "pagehide" for "http://junying.marsair.tw/"
1504578031037	Marionette	DEBUG	Received DOM event "unload" for "http://junying.marsair.tw/"
1504578031046	Marionette	DEBUG	Received DOM event "DOMContentLoaded" for "http://junying.marsair.tw/"
1504578031061	Marionette	DEBUG	Received DOM event "pageshow" for "http://junying.marsair.tw/"
1504578031413	Marionette	DEBUG	Received DOM event "beforeunload" for "http://junying.marsair.tw/"
1504578031797	Marionette	DEBUG	Received DOM event "pagehide" for "http://junying.marsair.tw/"
1504578031799	Marionette	DEBUG	Received DOM event "unload" for "http://junying.marsair.tw/"
1504578031833	Marionette	DEBUG	Received DOM event "DOMContentLoaded" for "http://junying.marsair.tw/"
1504578031870	Marionette	DEBUG	Received DOM event "pageshow" for "http://junying.marsair.tw/"
1504578033012	Marionette	DEBUG	Received DOM event "beforeunload" for "http://junying.marsair.tw/"
1504578033483	Marionette	DEBUG	Received DOM event "pagehide" for "http://junying.marsair.tw/"
1504578033484	Marionette	DEBUG	Received DOM event "unload" for "http://junying.marsair.tw/"
1504578033512	Marionette	DEBUG	Received DOM event "DOMContentLoaded" for "http://junying.marsair.tw/"
1504578033559	Marionette	DEBUG	Received DOM event "pageshow" for "http://junying.marsair.tw/"
1504578033986	Marionette	DEBUG	Received DOM event "beforeunload" for "http://junying.marsair.tw/"
1504578034357	Marionette	DEBUG	Received DOM event "pagehide" for "http://junying.marsair.tw/"
1504578034358	Marionette	DEBUG	Received DOM event "unload" for "http://junying.marsair.tw/"
1504578034398	Marionette	DEBUG	Received DOM event "DOMContentLoaded" for "http://junying.marsair.tw/"
1504578034470	Marionette	DEBUG	Received DOM event "pageshow" for "http://junying.marsair.tw/"
1504578035772	Marionette	DEBUG	Received DOM event "beforeunload" for "http://junying.marsair.tw/"
1504578036141	Marionette	DEBUG	Received DOM event "pagehide" for "http://junying.marsair.tw/"
1504578036141	Marionette	DEBUG	Received DOM event "unload" for "http://junying.marsair.tw/"
1504578036160	Marionette	DEBUG	Received DOM event "DOMContentLoaded" for "http://junying.marsair.tw/"
1504578036209	Marionette	DEBUG	Received DOM event "pageshow" for "http://junying.marsair.tw/"
1504578036727	Marionette	DEBUG	Canceled page load listener because no navigation has been detected
1504578036862	Marionette	DEBUG	Received DOM event "beforeunload" for "http://junying.marsair.tw/"
1504578037214	Marionette	DEBUG	Received DOM event "pagehide" for "http://junying.marsair.tw/"
1504578037214	Marionette	DEBUG	Received DOM event "unload" for "http://junying.marsair.tw/"
1504578037229	Marionette	DEBUG	Received DOM event "DOMContentLoaded" for "http://junying.marsair.tw/"
1504578037248	Marionette	DEBUG	Received DOM event "pageshow" for "http://junying.marsair.tw/"
1504578038419	Marionette	DEBUG	Received DOM event "beforeunload" for "http://junying.marsair.tw/"
1504578039368	Marionette	DEBUG	Received DOM event "pagehide" for "http://junying.marsair.tw/"
1504578039368	Marionette	DEBUG	Received DOM event "unload" for "http://junying.marsair.tw/"
1504578039386	Marionette	DEBUG	Received DOM event "DOMContentLoaded" for "http://junying.marsair.tw/"
1504578039408	Marionette	DEBUG	Received DOM event "pageshow" for "http://junying.marsair.tw/"
1504578039788	Marionette	DEBUG	Received DOM event "beforeunload" for "http://junying.marsair.tw/"
1504578040126	Marionette	DEBUG	Received DOM event "pagehide" for "http://junying.marsair.tw/"
1504578040127	Marionette	DEBUG	Received DOM event "unload" for "http://junying.marsair.tw/"
1504578040155	Marionette	DEBUG	Received DOM event "DOMContentLoaded" for "http://junying.marsair.tw/"
1504578040174	Marionette	DEBUG	Received DOM event "pageshow" for "http://junying.marsair.tw/"
1504578041432	Marionette	DEBUG	Received DOM event "beforeunload" for "http://junying.marsair.tw/"
1504578041856	Marionette	DEBUG	Received DOM event "pagehide" for "http://junying.marsair.tw/"
1504578041857	Marionette	DEBUG	Received DOM event "unload" for "http://junying.marsair.tw/"
1504578041877	Marionette	DEBUG	Received DOM event "DOMContentLoaded" for "http://junying.marsair.tw/"
1504578041920	Marionette	DEBUG	Received DOM event "pageshow" for "http://junying.marsair.tw/"
1504578043108	Marionette	DEBUG	Received DOM event "beforeunload" for "http://junying.marsair.tw/"
1504578043481	Marionette	DEBUG	Received DOM event "pagehide" for "http://junying.marsair.tw/"
1504578043482	Marionette	DEBUG	Received DOM event "unload" for "http://junying.marsair.tw/"
1504578043507	Marionette	DEBUG	Received DOM event "DOMContentLoaded" for "http://junying.marsair.tw/"
1504578043528	Marionette	DEBUG	Received DOM event "pageshow" for "http://junying.marsair.tw/"
1504578044657	Marionette	DEBUG	Received DOM event "beforeunload" for "http://junying.marsair.tw/"
1504578045043	Marionette	DEBUG	Received DOM event "pagehide" for "http://junying.marsair.tw/"
1504578045044	Marionette	DEBUG	Received DOM event "unload" for "http://junying.marsair.tw/"
1504578045066	Marionette	DEBUG	Received DOM event "DOMContentLoaded" for "http://junying.marsair.tw/"
1504578045087	Marionette	DEBUG	Received DOM event "pageshow" for "http://junying.marsair.tw/"
1504578045552	Marionette	DEBUG	Canceled page load listener because no navigation has been detected
1504578045699	Marionette	DEBUG	Received DOM event "beforeunload" for "http://junying.marsair.tw/"
1504578046122	Marionette	DEBUG	Received DOM event "pagehide" for "http://junying.marsair.tw/"
1504578046123	Marionette	DEBUG	Received DOM event "unload" for "http://junying.marsair.tw/"
1504578046149	Marionette	DEBUG	Received DOM event "DOMContentLoaded" for "http://junying.marsair.tw/"
1504578046197	Marionette	DEBUG	Received DOM event "pageshow" for "http://junying.marsair.tw/"
1504578047273	Marionette	DEBUG	Received DOM event "beforeunload" for "http://junying.marsair.tw/"
1504578047684	Marionette	DEBUG	Received DOM event "pagehide" for "http://junying.marsair.tw/"
1504578047685	Marionette	DEBUG	Received DOM event "unload" for "http://junying.marsair.tw/"
1504578047696	Marionette	DEBUG	Received DOM event "DOMContentLoaded" for "http://junying.marsair.tw/"
1504578047711	Marionette	DEBUG	Received DOM event "pageshow" for "http://junying.marsair.tw/"
1504578048083	Marionette	DEBUG	Received DOM event "beforeunload" for "http://junying.marsair.tw/"
1504578048499	Marionette	DEBUG	Received DOM event "pagehide" for "http://junying.marsair.tw/"
1504578048500	Marionette	DEBUG	Received DOM event "unload" for "http://junying.marsair.tw/"
1504578048535	Marionette	DEBUG	Received DOM event "DOMContentLoaded" for "http://junying.marsair.tw/"
1504578048615	Marionette	DEBUG	Received DOM event "pageshow" for "http://junying.marsair.tw/"
1504578049812	Marionette	DEBUG	Received DOM event "beforeunload" for "http://junying.marsair.tw/"
1504578050120	Marionette	DEBUG	Received DOM event "pagehide" for "http://junying.marsair.tw/"
1504578050120	Marionette	DEBUG	Received DOM event "unload" for "http://junying.marsair.tw/"
1504578050129	Marionette	DEBUG	Received DOM event "DOMContentLoaded" for "http://junying.marsair.tw/"
1504578050150	Marionette	DEBUG	Received DOM event "pageshow" for "http://junying.marsair.tw/"
1504578050569	Marionette	DEBUG	Received DOM event "beforeunload" for "http://junying.marsair.tw/"
1504578051003	Marionette	DEBUG	Received DOM event "pagehide" for "http://junying.marsair.tw/"
1504578051004	Marionette	DEBUG	Received DOM event "unload" for "http://junying.marsair.tw/"
1504578051057	Marionette	DEBUG	Received DOM event "DOMContentLoaded" for "http://junying.marsair.tw/"
1504578051106	Marionette	DEBUG	Received DOM event "pageshow" for "http://junying.marsair.tw/"
1504578055087	Marionette	DEBUG	Received DOM event "beforeunload" for "http://junying.marsair.tw/"
1504578055623	Marionette	DEBUG	Received DOM event "pagehide" for "http://junying.marsair.tw/"
1504578055623	Marionette	DEBUG	Received DOM event "unload" for "http://junying.marsair.tw/"
1504578055637	Marionette	DEBUG	Received DOM event "DOMContentLoaded" for "http://junying.marsair.tw/"
1504578055664	Marionette	DEBUG	Received DOM event "pageshow" for "http://junying.marsair.tw/"
1504578056213	Marionette	DEBUG	Canceled page load listener because no navigation has been detected
1504578056358	Marionette	DEBUG	Received DOM event "beforeunload" for "http://junying.marsair.tw/"
1504578056826	Marionette	DEBUG	Received DOM event "pagehide" for "http://junying.marsair.tw/"
1504578056828	Marionette	DEBUG	Received DOM event "unload" for "http://junying.marsair.tw/"
1504578056866	Marionette	DEBUG	Received DOM event "DOMContentLoaded" for "http://junying.marsair.tw/"
1504578056892	Marionette	DEBUG	Received DOM event "pageshow" for "http://junying.marsair.tw/"
Unable to read VR Path Registry from C:\Users\hujy\AppData\Local\openvr\openvrpaths.vrpath
[GPU 9948] WARNING: pipe error: 109: file c:/builds/moz2_slave/m-rel-w64-00000000000000000000/build/src/ipc/chromium/src/chrome/common/ipc_channel_win.cc, line 346
[GPU 9948] WARNING: pipe error: 109: file c:/builds/moz2_slave/m-rel-w64-00000000000000000000/build/src/ipc/chromium/src/chrome/common/ipc_channel_win.cc, line 346
Unable to read VR Path Registry from C:\Users\hujy\AppData\Local\openvr\openvrpaths.vrpath
[Child 6072] WARNING: pipe error: 109: file c:/builds/moz2_slave/m-rel-w64-00000000000000000000/build/src/ipc/chromium/src/chrome/common/ipc_channel_win.cc, line 346

###!!! [Child][MessageChannel::SendAndWait] Error: Channel error: cannot send/recv

Unable to read VR Path Registry from C:\Users\hujy\AppData\Local\openvr\openvrpaths.vrpath
